{
  "stats": {
    "suites": 6,
    "tests": 22,
    "passes": 22,
    "pending": 0,
    "failures": 0,
    "start": "2024-06-16T07:43:32.570Z",
    "end": "2024-06-16T07:44:07.241Z",
    "duration": 34671,
    "testsRegistered": 22,
    "passPercent": 100,
    "pendingPercent": 0,
    "other": 0,
    "hasOther": false,
    "skipped": 0,
    "hasSkipped": false
  },
  "results": [
    {
      "uuid": "870a90f7-69d5-4cf4-aa5c-a218d6c67cca",
      "title": "",
      "fullFile": "cypress\\e2e\\pages\\Agent\\TestAgentCall.view.cy.js",
      "file": "cypress\\e2e\\pages\\Agent\\TestAgentCall.view.cy.js",
      "beforeHooks": [],
      "afterHooks": [],
      "tests": [],
      "suites": [
        {
          "uuid": "f9e469f8-cea1-409b-844d-31b7e012c4db",
          "title": "View Agent Call",
          "fullFile": "",
          "file": "",
          "beforeHooks": [],
          "afterHooks": [],
          "tests": [
            {
              "title": "should login successfully and redirect based on user type AGENTE",
              "fullTitle": "View Agent Call should login successfully and redirect based on user type AGENTE",
              "timedOut": null,
              "duration": 1871,
              "state": "passed",
              "speed": "fast",
              "pass": true,
              "fail": false,
              "pending": false,
              "context": null,
              "code": "cy.url().should(\"include\", \"/agent/call\");",
              "err": {},
              "uuid": "c862edc6-d558-4d55-902c-b6666b039a56",
              "parentUUID": "f9e469f8-cea1-409b-844d-31b7e012c4db",
              "isHook": false,
              "skipped": false
            }
          ],
          "suites": [
            {
              "uuid": "69e269a2-be1f-4a34-9614-bce3868df258",
              "title": "Verify call elements are present and visible",
              "fullFile": "",
              "file": "",
              "beforeHooks": [],
              "afterHooks": [],
              "tests": [
                {
                  "title": "should display the Name input and its container",
                  "fullTitle": "View Agent Call Verify call elements are present and visible should display the Name input and its container",
                  "timedOut": null,
                  "duration": 1480,
                  "state": "passed",
                  "speed": "fast",
                  "pass": true,
                  "fail": false,
                  "pending": false,
                  "context": null,
                  "code": "cy.contains(\"p\", \"Name:\").should(\"exist\").and(\"be.visible\");\ncy.get(\"input.name\").should(\"exist\").and(\"be.visible\");",
                  "err": {},
                  "uuid": "7964f312-0ae5-40ce-8c79-6c371b8ef440",
                  "parentUUID": "69e269a2-be1f-4a34-9614-bce3868df258",
                  "isHook": false,
                  "skipped": false
                },
                {
                  "title": "should display the Phone input and its container",
                  "fullTitle": "View Agent Call Verify call elements are present and visible should display the Phone input and its container",
                  "timedOut": null,
                  "duration": 1498,
                  "state": "passed",
                  "speed": "fast",
                  "pass": true,
                  "fail": false,
                  "pending": false,
                  "context": null,
                  "code": "cy.contains(\"p\", \"Phone:\").should(\"exist\").and(\"be.visible\");\ncy.get(\"input.phone\").should(\"exist\").and(\"be.visible\");",
                  "err": {},
                  "uuid": "2ca64cb4-ee9c-41c0-a025-16bff3815236",
                  "parentUUID": "69e269a2-be1f-4a34-9614-bce3868df258",
                  "isHook": false,
                  "skipped": false
                },
                {
                  "title": "should display the Location inputs and their container",
                  "fullTitle": "View Agent Call Verify call elements are present and visible should display the Location inputs and their container",
                  "timedOut": null,
                  "duration": 1432,
                  "state": "passed",
                  "speed": "fast",
                  "pass": true,
                  "fail": false,
                  "pending": false,
                  "context": null,
                  "code": "cy.contains(\"p.whiteBackground2\", \"Location:\").should(\"exist\").and(\"be.visible\");\ncy.get('input.location[placeholder=\"latitud\"]').should(\"exist\").and(\"be.visible\");\ncy.get('input.location[placeholder=\"longitud\"]').should(\"exist\").and(\"be.visible\");",
                  "err": {},
                  "uuid": "ffafa1a9-73e0-40b2-b88a-145358602816",
                  "parentUUID": "69e269a2-be1f-4a34-9614-bce3868df258",
                  "isHook": false,
                  "skipped": false
                },
                {
                  "title": "should display the map container",
                  "fullTitle": "View Agent Call Verify call elements are present and visible should display the map container",
                  "timedOut": null,
                  "duration": 1517,
                  "state": "passed",
                  "speed": "fast",
                  "pass": true,
                  "fail": false,
                  "pending": false,
                  "context": null,
                  "code": "cy.get(\"div#map\").should(\"exist\").and(\"be.visible\");",
                  "err": {},
                  "uuid": "70e46fbf-7006-4065-b38c-39a2f516d92e",
                  "parentUUID": "69e269a2-be1f-4a34-9614-bce3868df258",
                  "isHook": false,
                  "skipped": false
                },
                {
                  "title": "should display the Insurance information and Policies elements",
                  "fullTitle": "View Agent Call Verify call elements are present and visible should display the Insurance information and Policies elements",
                  "timedOut": null,
                  "duration": 1460,
                  "state": "passed",
                  "speed": "fast",
                  "pass": true,
                  "fail": false,
                  "pending": false,
                  "context": null,
                  "code": "cy.contains(\"p\", \"Insurance information:\").should(\"exist\").and(\"be.visible\");\ncy.contains(\"p\", \"Policies:\").should(\"exist\").and(\"be.visible\");\ncy.get(\"select.selectPolicy\").should(\"exist\").and(\"be.visible\");",
                  "err": {},
                  "uuid": "0a5afb57-b97c-444f-93d2-f91010fa10c6",
                  "parentUUID": "69e269a2-be1f-4a34-9614-bce3868df258",
                  "isHook": false,
                  "skipped": false
                }
              ],
              "suites": [],
              "passes": [
                "7964f312-0ae5-40ce-8c79-6c371b8ef440",
                "2ca64cb4-ee9c-41c0-a025-16bff3815236",
                "ffafa1a9-73e0-40b2-b88a-145358602816",
                "70e46fbf-7006-4065-b38c-39a2f516d92e",
                "0a5afb57-b97c-444f-93d2-f91010fa10c6"
              ],
              "failures": [],
              "pending": [],
              "skipped": [],
              "duration": 7387,
              "root": false,
              "rootEmpty": false,
              "_timeout": 2000
            },
            {
              "uuid": "6989af22-b085-4696-93a5-5a62ea60aae2",
              "title": "Verify sentiment elements are present and visible",
              "fullFile": "",
              "file": "",
              "beforeHooks": [],
              "afterHooks": [],
              "tests": [
                {
                  "title": "should display the Sentiment label",
                  "fullTitle": "View Agent Call Verify sentiment elements are present and visible should display the Sentiment label",
                  "timedOut": null,
                  "duration": 1510,
                  "state": "passed",
                  "speed": "fast",
                  "pass": true,
                  "fail": false,
                  "pending": false,
                  "context": null,
                  "code": "cy.contains(\"p\", \"Sentiment:\").should(\"exist\").and(\"be.visible\");",
                  "err": {},
                  "uuid": "ac3eedb7-185b-46c3-9b5a-971c2099f0f6",
                  "parentUUID": "6989af22-b085-4696-93a5-5a62ea60aae2",
                  "isHook": false,
                  "skipped": false
                },
                {
                  "title": "should display the Positive Sentiment image",
                  "fullTitle": "View Agent Call Verify sentiment elements are present and visible should display the Positive Sentiment image",
                  "timedOut": null,
                  "duration": 1499,
                  "state": "passed",
                  "speed": "fast",
                  "pass": true,
                  "fail": false,
                  "pending": false,
                  "context": null,
                  "code": "cy.get('img.sentimentImage[alt=\"Positive Sentiment\"]').should(\"exist\").and(\"be.visible\");",
                  "err": {},
                  "uuid": "188f293f-43d4-4aec-b712-5848bc634057",
                  "parentUUID": "6989af22-b085-4696-93a5-5a62ea60aae2",
                  "isHook": false,
                  "skipped": false
                },
                {
                  "title": "should display the Neutral Sentiment image",
                  "fullTitle": "View Agent Call Verify sentiment elements are present and visible should display the Neutral Sentiment image",
                  "timedOut": null,
                  "duration": 1541,
                  "state": "passed",
                  "speed": "fast",
                  "pass": true,
                  "fail": false,
                  "pending": false,
                  "context": null,
                  "code": "cy.get('img.sentimentImage[alt=\"Neutral Sentiment\"]').should(\"exist\").and(\"be.visible\");",
                  "err": {},
                  "uuid": "9d2c4e20-94dc-4831-9efc-dbbb9b7510e8",
                  "parentUUID": "6989af22-b085-4696-93a5-5a62ea60aae2",
                  "isHook": false,
                  "skipped": false
                },
                {
                  "title": "should display the Negative Sentiment image",
                  "fullTitle": "View Agent Call Verify sentiment elements are present and visible should display the Negative Sentiment image",
                  "timedOut": null,
                  "duration": 1500,
                  "state": "passed",
                  "speed": "fast",
                  "pass": true,
                  "fail": false,
                  "pending": false,
                  "context": null,
                  "code": "cy.get('img.sentimentImage[alt=\"Negative Sentiment\"]').should(\"exist\").and(\"be.visible\");",
                  "err": {},
                  "uuid": "7f15c952-db73-418b-b9b2-2bc24e02d828",
                  "parentUUID": "6989af22-b085-4696-93a5-5a62ea60aae2",
                  "isHook": false,
                  "skipped": false
                },
                {
                  "title": "should display the Call Supervisor button",
                  "fullTitle": "View Agent Call Verify sentiment elements are present and visible should display the Call Supervisor button",
                  "timedOut": null,
                  "duration": 1468,
                  "state": "passed",
                  "speed": "fast",
                  "pass": true,
                  "fail": false,
                  "pending": false,
                  "context": null,
                  "code": "cy.get(\"button.supervisorAgentCallButton\").contains(\"Call Supervisor\").should(\"exist\").and(\"be.visible\");",
                  "err": {},
                  "uuid": "f6c8067d-e8bc-4088-8265-3d0c19d968fe",
                  "parentUUID": "6989af22-b085-4696-93a5-5a62ea60aae2",
                  "isHook": false,
                  "skipped": false
                }
              ],
              "suites": [],
              "passes": [
                "ac3eedb7-185b-46c3-9b5a-971c2099f0f6",
                "188f293f-43d4-4aec-b712-5848bc634057",
                "9d2c4e20-94dc-4831-9efc-dbbb9b7510e8",
                "7f15c952-db73-418b-b9b2-2bc24e02d828",
                "f6c8067d-e8bc-4088-8265-3d0c19d968fe"
              ],
              "failures": [],
              "pending": [],
              "skipped": [],
              "duration": 7518,
              "root": false,
              "rootEmpty": false,
              "_timeout": 2000
            },
            {
              "uuid": "27e189f9-3947-4adf-8990-6d8dd912ce80",
              "title": "Verify icons and buttons are present and visible for Connect",
              "fullFile": "",
              "file": "",
              "beforeHooks": [],
              "afterHooks": [],
              "tests": [
                {
                  "title": "should display the telephone icon",
                  "fullTitle": "View Agent Call Verify icons and buttons are present and visible for Connect should display the telephone icon",
                  "timedOut": null,
                  "duration": 1593,
                  "state": "passed",
                  "speed": "fast",
                  "pass": true,
                  "fail": false,
                  "pending": false,
                  "context": null,
                  "code": "cy.get(\"i.bi-telephone-fill\").should(\"exist\").and(\"be.visible\");",
                  "err": {},
                  "uuid": "8cd23b4d-78ed-4322-b053-e47b0f940818",
                  "parentUUID": "27e189f9-3947-4adf-8990-6d8dd912ce80",
                  "isHook": false,
                  "skipped": false
                },
                {
                  "title": "should display the chatbot icon",
                  "fullTitle": "View Agent Call Verify icons and buttons are present and visible for Connect should display the chatbot icon",
                  "timedOut": null,
                  "duration": 1412,
                  "state": "passed",
                  "speed": "fast",
                  "pass": true,
                  "fail": false,
                  "pending": false,
                  "context": null,
                  "code": "cy.get(\"i.chatbot-icon\").should(\"exist\").and(\"be.visible\");",
                  "err": {},
                  "uuid": "349ab181-bb38-487a-9cb7-093e7218aeeb",
                  "parentUUID": "27e189f9-3947-4adf-8990-6d8dd912ce80",
                  "isHook": false,
                  "skipped": false
                },
                {
                  "title": "should display icons within buttons of type button",
                  "fullTitle": "View Agent Call Verify icons and buttons are present and visible for Connect should display icons within buttons of type button",
                  "timedOut": null,
                  "duration": 1418,
                  "state": "passed",
                  "speed": "fast",
                  "pass": true,
                  "fail": false,
                  "pending": false,
                  "context": null,
                  "code": "cy.get('button[type=\"button\"] i').should(\"exist\").and(\"be.visible\");",
                  "err": {},
                  "uuid": "3a83a232-487b-453e-8bbf-03505e0f8e0f",
                  "parentUUID": "27e189f9-3947-4adf-8990-6d8dd912ce80",
                  "isHook": false,
                  "skipped": false
                },
                {
                  "title": "should display icons within divs with data-bs-toggle attribute",
                  "fullTitle": "View Agent Call Verify icons and buttons are present and visible for Connect should display icons within divs with data-bs-toggle attribute",
                  "timedOut": null,
                  "duration": 1454,
                  "state": "passed",
                  "speed": "fast",
                  "pass": true,
                  "fail": false,
                  "pending": false,
                  "context": null,
                  "code": "cy.get('div[data-bs-toggle=\"modal\"] i').should(\"exist\").and(\"be.visible\");",
                  "err": {},
                  "uuid": "2deb64d2-f428-482c-bbe2-6836a515974a",
                  "parentUUID": "27e189f9-3947-4adf-8990-6d8dd912ce80",
                  "isHook": false,
                  "skipped": false
                },
                {
                  "title": "should display icons within divs targeting modalConnectCpp",
                  "fullTitle": "View Agent Call Verify icons and buttons are present and visible for Connect should display icons within divs targeting modalConnectCpp",
                  "timedOut": null,
                  "duration": 1392,
                  "state": "passed",
                  "speed": "fast",
                  "pass": true,
                  "fail": false,
                  "pending": false,
                  "context": null,
                  "code": "cy.get('div[data-bs-target=\"#modalConnectCpp\"] i').should(\"exist\").and(\"be.visible\");",
                  "err": {},
                  "uuid": "c83774a4-c84a-462d-898a-95c4174aaef6",
                  "parentUUID": "27e189f9-3947-4adf-8990-6d8dd912ce80",
                  "isHook": false,
                  "skipped": false
                },
                {
                  "title": "should display icons within chatbot button",
                  "fullTitle": "View Agent Call Verify icons and buttons are present and visible for Connect should display icons within chatbot button",
                  "timedOut": null,
                  "duration": 1393,
                  "state": "passed",
                  "speed": "fast",
                  "pass": true,
                  "fail": false,
                  "pending": false,
                  "context": null,
                  "code": "cy.get(\"button.chatbot-button i\").should(\"exist\").and(\"be.visible\");",
                  "err": {},
                  "uuid": "6f90325e-2e2b-4f2b-8582-9b52efd03bc6",
                  "parentUUID": "27e189f9-3947-4adf-8990-6d8dd912ce80",
                  "isHook": false,
                  "skipped": false
                },
                {
                  "title": "should display icons within chatbot button container",
                  "fullTitle": "View Agent Call Verify icons and buttons are present and visible for Connect should display icons within chatbot button container",
                  "timedOut": null,
                  "duration": 1542,
                  "state": "passed",
                  "speed": "fast",
                  "pass": true,
                  "fail": false,
                  "pending": false,
                  "context": null,
                  "code": "cy.get(\"div.chatbot-button-container i\").should(\"exist\").and(\"be.visible\");",
                  "err": {},
                  "uuid": "c40d1760-3f6b-45dc-b6e0-5a0ef9561527",
                  "parentUUID": "27e189f9-3947-4adf-8990-6d8dd912ce80",
                  "isHook": false,
                  "skipped": false
                }
              ],
              "suites": [],
              "passes": [
                "8cd23b4d-78ed-4322-b053-e47b0f940818",
                "349ab181-bb38-487a-9cb7-093e7218aeeb",
                "3a83a232-487b-453e-8bbf-03505e0f8e0f",
                "2deb64d2-f428-482c-bbe2-6836a515974a",
                "c83774a4-c84a-462d-898a-95c4174aaef6",
                "6f90325e-2e2b-4f2b-8582-9b52efd03bc6",
                "c40d1760-3f6b-45dc-b6e0-5a0ef9561527"
              ],
              "failures": [],
              "pending": [],
              "skipped": [],
              "duration": 10204,
              "root": false,
              "rootEmpty": false,
              "_timeout": 2000
            },
            {
              "uuid": "2f00ac3a-f3f7-42ba-9b57-e57c9c62eae1",
              "title": "Verify service selection buttons are present and visible",
              "fullFile": "",
              "file": "",
              "beforeHooks": [],
              "afterHooks": [],
              "tests": [
                {
                  "title": "should display the Ambulance selection buttons",
                  "fullTitle": "View Agent Call Verify service selection buttons are present and visible should display the Ambulance selection buttons",
                  "timedOut": null,
                  "duration": 1531,
                  "state": "passed",
                  "speed": "fast",
                  "pass": true,
                  "fail": false,
                  "pending": false,
                  "context": null,
                  "code": "cy.contains(\"p\", \"Ambulance:\").should(\"exist\").and(\"be.visible\");\ncy.get(\"button.yesButton\").contains(\"Yes\").should(\"exist\").and(\"be.visible\");\ncy.get(\"button.noButton\").contains(\"No\").should(\"exist\").and(\"be.visible\");",
                  "err": {},
                  "uuid": "c3c39462-9d44-431e-ba44-476ba8dccfef",
                  "parentUUID": "2f00ac3a-f3f7-42ba-9b57-e57c9c62eae1",
                  "isHook": false,
                  "skipped": false
                },
                {
                  "title": "should display the Crane selection buttons",
                  "fullTitle": "View Agent Call Verify service selection buttons are present and visible should display the Crane selection buttons",
                  "timedOut": null,
                  "duration": 1547,
                  "state": "passed",
                  "speed": "fast",
                  "pass": true,
                  "fail": false,
                  "pending": false,
                  "context": null,
                  "code": "cy.contains(\"p\", \"Crane:\").should(\"exist\").and(\"be.visible\");\ncy.get(\"button.yesButton\").contains(\"Yes\").should(\"exist\").and(\"be.visible\");\ncy.get(\"button.noButton\").contains(\"No\").should(\"exist\").and(\"be.visible\");",
                  "err": {},
                  "uuid": "99b3f826-ca51-48ed-9ea6-49572f4b9897",
                  "parentUUID": "2f00ac3a-f3f7-42ba-9b57-e57c9c62eae1",
                  "isHook": false,
                  "skipped": false
                },
                {
                  "title": "should display the Adjuster selection buttons",
                  "fullTitle": "View Agent Call Verify service selection buttons are present and visible should display the Adjuster selection buttons",
                  "timedOut": null,
                  "duration": 1404,
                  "state": "passed",
                  "speed": "fast",
                  "pass": true,
                  "fail": false,
                  "pending": false,
                  "context": null,
                  "code": "cy.contains(\"p\", \"Adjuster:\").should(\"exist\").and(\"be.visible\");\ncy.get(\"button.yesButton\").contains(\"Yes\").should(\"exist\").and(\"be.visible\");\ncy.get(\"button.noButton\").contains(\"No\").should(\"exist\").and(\"be.visible\");",
                  "err": {},
                  "uuid": "46f9b2f8-6daf-4f9e-b833-09dd5f2a295f",
                  "parentUUID": "2f00ac3a-f3f7-42ba-9b57-e57c9c62eae1",
                  "isHook": false,
                  "skipped": false
                }
              ],
              "suites": [],
              "passes": [
                "c3c39462-9d44-431e-ba44-476ba8dccfef",
                "99b3f826-ca51-48ed-9ea6-49572f4b9897",
                "46f9b2f8-6daf-4f9e-b833-09dd5f2a295f"
              ],
              "failures": [],
              "pending": [],
              "skipped": [],
              "duration": 4482,
              "root": false,
              "rootEmpty": false,
              "_timeout": 2000
            },
            {
              "uuid": "3d2882d1-c645-4f36-84db-3aa21e99f0d3",
              "title": "Verify Transcript section is present and visible",
              "fullFile": "",
              "file": "",
              "beforeHooks": [],
              "afterHooks": [],
              "tests": [
                {
                  "title": "should display the Transcript container",
                  "fullTitle": "View Agent Call Verify Transcript section is present and visible should display the Transcript container",
                  "timedOut": null,
                  "duration": 1415,
                  "state": "passed",
                  "speed": "fast",
                  "pass": true,
                  "fail": false,
                  "pending": false,
                  "context": null,
                  "code": "cy.get(\"div.whiteBackgroundTranscript\").should(\"exist\").and(\"be.visible\");\ncy.contains(\"p\", \"Transcript:\").should(\"exist\").and(\"be.visible\");",
                  "err": {},
                  "uuid": "b11563d9-8890-4028-a852-b7432c62e303",
                  "parentUUID": "3d2882d1-c645-4f36-84db-3aa21e99f0d3",
                  "isHook": false,
                  "skipped": false
                }
              ],
              "suites": [],
              "passes": [
                "b11563d9-8890-4028-a852-b7432c62e303"
              ],
              "failures": [],
              "pending": [],
              "skipped": [],
              "duration": 1415,
              "root": false,
              "rootEmpty": false,
              "_timeout": 2000
            }
          ],
          "passes": [
            "c862edc6-d558-4d55-902c-b6666b039a56"
          ],
          "failures": [],
          "pending": [],
          "skipped": [],
          "duration": 1871,
          "root": false,
          "rootEmpty": false,
          "_timeout": 2000
        }
      ],
      "passes": [],
      "failures": [],
      "pending": [],
      "skipped": [],
      "duration": 0,
      "root": true,
      "rootEmpty": true,
      "_timeout": 2000
    }
  ],
  "meta": {
    "mocha": {
      "version": "7.0.1"
    },
    "mochawesome": {
      "options": {
        "quiet": false,
        "reportFilename": "mochawesome",
        "saveHtml": false,
        "saveJson": true,
        "consoleReporter": "spec",
        "useInlineDiffs": false,
        "code": true
      },
      "version": "7.1.3"
    },
    "marge": {
      "options": {
        "reportDir": "cypress\\reports\\.jsons",
        "overwrite": false,
        "html": false,
        "json": true,
        "charts": true
      },
      "version": "6.2.0"
    }
  }
}