{
  "stats": {
    "suites": 1,
    "tests": 9,
    "passes": 9,
    "pending": 0,
    "failures": 0,
    "start": "2024-06-16T07:42:57.962Z",
    "end": "2024-06-16T07:43:16.820Z",
    "duration": 18858,
    "testsRegistered": 9,
    "passPercent": 100,
    "pendingPercent": 0,
    "other": 0,
    "hasOther": false,
    "skipped": 0,
    "hasSkipped": false
  },
  "results": [
    {
      "uuid": "4609be4b-a42d-4d3f-89e9-a0ddaa32aa2e",
      "title": "",
      "fullFile": "cypress\\e2e\\pages\\Supervisor\\TestSupervisorPageHome.view.cy.js",
      "file": "cypress\\e2e\\pages\\Supervisor\\TestSupervisorPageHome.view.cy.js",
      "beforeHooks": [],
      "afterHooks": [],
      "tests": [],
      "suites": [
        {
          "uuid": "10052557-2bdc-454e-9992-62d47140620f",
          "title": "View supervisor",
          "fullFile": "",
          "file": "",
          "beforeHooks": [],
          "afterHooks": [],
          "tests": [
            {
              "title": "should login successfully and redirect based on user type SUPERVISOR",
              "fullTitle": "View supervisor should login successfully and redirect based on user type SUPERVISOR",
              "timedOut": null,
              "duration": 1898,
              "state": "passed",
              "speed": "fast",
              "pass": true,
              "fail": false,
              "pending": false,
              "context": null,
              "code": "cy.url().should(\"include\", \"/supervisor/home\");",
              "err": {},
              "uuid": "6e5573df-6ea8-440e-a582-712dbee0288c",
              "parentUUID": "10052557-2bdc-454e-9992-62d47140620f",
              "isHook": false,
              "skipped": false
            },
            {
              "title": "should display buttons My Profile, Calls History, and Home",
              "fullTitle": "View supervisor should display buttons My Profile, Calls History, and Home",
              "timedOut": null,
              "duration": 1435,
              "state": "passed",
              "speed": "fast",
              "pass": true,
              "fail": false,
              "pending": false,
              "context": null,
              "code": "// Asegúrate de que los elementos existan en el DOM\ncy.get(\"a.nav-link\").contains(\"My Profile\").should(\"exist\");\ncy.get(\"a.nav-link\").contains(\"Calls History\").should(\"exist\");\ncy.get(\"a.nav-link\").contains(\"Home\").should(\"exist\");\n// Asegúrate de que los elementos sean visibles\ncy.get(\"a.nav-link\").contains(\"My Profile\").should(\"be.visible\");\ncy.get(\"a.nav-link\").contains(\"Calls History\").should(\"be.visible\");\ncy.get(\"a.nav-link\").contains(\"Home\").should(\"be.visible\");",
              "err": {},
              "uuid": "6beb7528-d9a5-48d8-9fdb-81dfa7405296",
              "parentUUID": "10052557-2bdc-454e-9992-62d47140620f",
              "isHook": false,
              "skipped": false
            },
            {
              "title": "should display an image ",
              "fullTitle": "View supervisor should display an image ",
              "timedOut": null,
              "duration": 2377,
              "state": "passed",
              "speed": "fast",
              "pass": true,
              "fail": false,
              "pending": false,
              "context": null,
              "code": "// Asegúrate de que el contenedor con la clase \"containerAgentCallInformation\" esté presente\ncy.get(\".containerAgentCallInformation\").should(\"be.visible\");\n// Verifica que el mensaje de error específico esté presente\ncy.get(\".containerAgentCallInformation\").contains(\"Request failed with status code 404\").should(\"be.visible\");",
              "err": {},
              "uuid": "d58b22a1-0d83-4b19-b0e4-631cc540595c",
              "parentUUID": "10052557-2bdc-454e-9992-62d47140620f",
              "isHook": false,
              "skipped": false
            },
            {
              "title": "should display the container for call metrics and its rows",
              "fullTitle": "View supervisor should display the container for call metrics and its rows",
              "timedOut": null,
              "duration": 1960,
              "state": "passed",
              "speed": "fast",
              "pass": true,
              "fail": false,
              "pending": false,
              "context": null,
              "code": "// Verifica que el contenedor con la clase \"containerCallMetrics\" esté visible\ncy.get(\".containerCallMetrics\").should(\"be.visible\");\n// Verifica que cada fila dentro del contenedor esté visible\ncy.get(\".containerCallMetrics .row\").each($row => {\n  cy.wrap($row).should(\"be.visible\");\n});",
              "err": {},
              "uuid": "9e3a859a-c89f-4d83-ac05-da7d1f368635",
              "parentUUID": "10052557-2bdc-454e-9992-62d47140620f",
              "isHook": false,
              "skipped": false
            },
            {
              "title": "should display sentiment percentages and images",
              "fullTitle": "View supervisor should display sentiment percentages and images",
              "timedOut": null,
              "duration": 2240,
              "state": "passed",
              "speed": "fast",
              "pass": true,
              "fail": false,
              "pending": false,
              "context": null,
              "code": "// Verifica que el contenedor con la clase \"containerCallMetrics\" esté visible\ncy.get(\".containerCallMetrics\").should(\"be.visible\");\n// Verifica el título \"Average Sentiment\"\ncy.get(\".containerCallMetrics .avgSentiment\").should(\"contain\", \"Average Sentiment\");\n// Verifica que los porcentajes y las imágenes estén presentes y visibles\n// Primer bloque (0% y cara roja)\ncy.get(\".containerCallMetrics .row\").eq(1).within(() => {\n  cy.get(\".col-md-4\").eq(0).within(() => {\n    cy.get(\".sentimentPercentage\").should(\"be.visible\");\n    cy.get(\".sentimentImage\").should(\"have.attr\", \"src\", \"/src/assets/images/CaraRoja.png\").and(\"be.visible\");\n  });\n  // Segundo bloque (100% y cara amarilla)\n  cy.get(\".col-md-4\").eq(1).within(() => {\n    cy.get(\".sentimentPercentage\").should(\"be.visible\");\n    cy.get(\".sentimentImage\").should(\"have.attr\", \"src\", \"/src/assets/images/CaraAmarilla.png\").and(\"be.visible\");\n  });\n  // Tercer bloque (0% y cara verde)\n  cy.get(\".col-md-4\").eq(2).within(() => {\n    cy.get(\".sentimentPercentage\").should(\"be.visible\");\n    cy.get(\".sentimentImage\").should(\"have.attr\", \"src\", \"/src/assets/images/CaraVerde.png\").and(\"be.visible\");\n  });\n});",
              "err": {},
              "uuid": "1977c629-5227-4d91-83ec-5e7392966dab",
              "parentUUID": "10052557-2bdc-454e-9992-62d47140620f",
              "isHook": false,
              "skipped": false
            },
            {
              "title": "should display the CAR CRANES service title, number, and image correctly",
              "fullTitle": "View supervisor should display the CAR CRANES service title, number, and image correctly",
              "timedOut": null,
              "duration": 2299,
              "state": "passed",
              "speed": "fast",
              "pass": true,
              "fail": false,
              "pending": false,
              "context": null,
              "code": "// Verifica que el contenedor con la clase \"col-lg-6 justify-content-center\" esté visible\ncy.get(\".col-lg-6.justify-content-center\").should(\"be.visible\");\n// Verifica el título \"Car Cranes\"\ncy.get(\".col-lg-6.justify-content-center .serviceTitle\").should(\"contain\", \"Car Cranes\");\n// Verifica el número de servicio\ncy.get(\".col-lg-6.justify-content-center .serviceNumber\").should(\"be.visible\");\n// Verifica que la imagen del servicio esté presente y visible\ncy.get(\".col-lg-6.justify-content-center .serviceImage\").should(\"have.attr\", \"src\", \"/src/assets/images/Grua.png\").and(\"have.attr\", \"alt\", \"Service Status\").and(\"be.visible\");",
              "err": {},
              "uuid": "91cc2c45-0f09-456a-82f9-07bce2cb8557",
              "parentUUID": "10052557-2bdc-454e-9992-62d47140620f",
              "isHook": false,
              "skipped": false
            },
            {
              "title": "should display the AMBULANCE service title, number, and image correctly",
              "fullTitle": "View supervisor should display the AMBULANCE service title, number, and image correctly",
              "timedOut": null,
              "duration": 1894,
              "state": "passed",
              "speed": "fast",
              "pass": true,
              "fail": false,
              "pending": false,
              "context": null,
              "code": "// Verifica que el contenedor con la clase \"col-lg-6 justify-content-center\" esté visible\ncy.get(\".col-lg-6.justify-content-center\").should(\"be.visible\");\n// Verifica el título \"Ambulance\"\ncy.get(\".col-lg-6.justify-content-center .serviceTitle\").should(\"contain\", \"Ambulance\");\n// Verifica el número de servicio\ncy.get(\".col-lg-6.justify-content-center .serviceNumber\").should(\"be.visible\");\n// Verifica que la imagen del servicio esté presente y visible\ncy.get('.serviceImage[src=\"/src/assets/images/Ambulancia.png\"]').should(\"have.attr\", \"alt\", \"Service Status\").and(\"be.visible\");",
              "err": {},
              "uuid": "19edaf53-4095-4bca-a635-b7b3547398c9",
              "parentUUID": "10052557-2bdc-454e-9992-62d47140620f",
              "isHook": false,
              "skipped": false
            },
            {
              "title": "should display the average call time title and chart",
              "fullTitle": "View supervisor should display the average call time title and chart",
              "timedOut": null,
              "duration": 1899,
              "state": "passed",
              "speed": "fast",
              "pass": true,
              "fail": false,
              "pending": false,
              "context": null,
              "code": "// Verifica que el contenedor con la clase \"containerCallMetrics\" esté visible\ncy.get('.containerCallMetrics').should('be.visible');\n// Verifica el título \"Avg Call Time\"\ncy.get('.containerCallMetrics .avgSentiment').should('contain', 'Avg Call Time');\n// Verifica que el canvas del gráfico esté presente y visible\ncy.get('.containerCallMetrics .chart-container canvas').should('have.attr', 'role', 'img').and('be.visible');",
              "err": {},
              "uuid": "08cc5089-cd70-410c-988d-9fd666c2a195",
              "parentUUID": "10052557-2bdc-454e-9992-62d47140620f",
              "isHook": false,
              "skipped": false
            },
            {
              "title": "should display the transcript message",
              "fullTitle": "View supervisor should display the transcript message",
              "timedOut": null,
              "duration": 1402,
              "state": "passed",
              "speed": "fast",
              "pass": true,
              "fail": false,
              "pending": false,
              "context": null,
              "code": "// Verifica que el contenedor con la clase \"containerServiceStatus\" esté visible\ncy.get('.containerServiceStatus').should('be.visible');",
              "err": {},
              "uuid": "a8b48fd9-5f6b-4bf9-9a51-d0a06e423c22",
              "parentUUID": "10052557-2bdc-454e-9992-62d47140620f",
              "isHook": false,
              "skipped": false
            }
          ],
          "suites": [],
          "passes": [
            "6e5573df-6ea8-440e-a582-712dbee0288c",
            "6beb7528-d9a5-48d8-9fdb-81dfa7405296",
            "d58b22a1-0d83-4b19-b0e4-631cc540595c",
            "9e3a859a-c89f-4d83-ac05-da7d1f368635",
            "1977c629-5227-4d91-83ec-5e7392966dab",
            "91cc2c45-0f09-456a-82f9-07bce2cb8557",
            "19edaf53-4095-4bca-a635-b7b3547398c9",
            "08cc5089-cd70-410c-988d-9fd666c2a195",
            "a8b48fd9-5f6b-4bf9-9a51-d0a06e423c22"
          ],
          "failures": [],
          "pending": [],
          "skipped": [],
          "duration": 17404,
          "root": false,
          "rootEmpty": false,
          "_timeout": 2000
        }
      ],
      "passes": [],
      "failures": [],
      "pending": [],
      "skipped": [],
      "duration": 0,
      "root": true,
      "rootEmpty": true,
      "_timeout": 2000
    }
  ],
  "meta": {
    "mocha": {
      "version": "7.0.1"
    },
    "mochawesome": {
      "options": {
        "quiet": false,
        "reportFilename": "mochawesome",
        "saveHtml": false,
        "saveJson": true,
        "consoleReporter": "spec",
        "useInlineDiffs": false,
        "code": true
      },
      "version": "7.1.3"
    },
    "marge": {
      "options": {
        "reportDir": "cypress\\reports\\.jsons",
        "overwrite": false,
        "html": false,
        "json": true,
        "charts": true
      },
      "version": "6.2.0"
    }
  }
}