{
  "stats": {
    "suites": 2,
    "tests": 5,
    "passes": 5,
    "pending": 0,
    "failures": 0,
    "start": "2024-06-16T07:42:46.276Z",
    "end": "2024-06-16T07:42:56.166Z",
    "duration": 9890,
    "testsRegistered": 5,
    "passPercent": 100,
    "pendingPercent": 0,
    "other": 0,
    "hasOther": false,
    "skipped": 0,
    "hasSkipped": false
  },
  "results": [
    {
      "uuid": "9817bdb3-6509-444a-96f7-2d79ed7f3579",
      "title": "",
      "fullFile": "cypress\\e2e\\pages\\Supervisor\\TestSupervisorCallsHistory.view.cy.js",
      "file": "cypress\\e2e\\pages\\Supervisor\\TestSupervisorCallsHistory.view.cy.js",
      "beforeHooks": [],
      "afterHooks": [],
      "tests": [],
      "suites": [
        {
          "uuid": "5db2e30c-6c94-478b-bbe4-2647e55ee6ba",
          "title": "Views for Calls History Page",
          "fullFile": "",
          "file": "",
          "beforeHooks": [],
          "afterHooks": [],
          "tests": [],
          "suites": [
            {
              "uuid": "9abad7ce-9dcb-4ee2-a9e3-d82000ad738f",
              "title": "Check view elements on Calls History page",
              "fullFile": "",
              "file": "",
              "beforeHooks": [],
              "afterHooks": [],
              "tests": [
                {
                  "title": "should display buttons My Profile, Calls History, and Home",
                  "fullTitle": "Views for Calls History Page Check view elements on Calls History page should display buttons My Profile, Calls History, and Home",
                  "timedOut": null,
                  "duration": 2406,
                  "state": "passed",
                  "speed": "fast",
                  "pass": true,
                  "fail": false,
                  "pending": false,
                  "context": null,
                  "code": "// Asegúrate de que los elementos existan en el DOM\ncy.get(\"a.nav-link\").contains(\"My Profile\").should(\"exist\");\ncy.get(\"a.nav-link\").contains(\"Calls History\").should(\"exist\");\ncy.get(\"a.nav-link\").contains(\"Home\").should(\"exist\");\n// Asegúrate de que los elementos sean visibles\ncy.get(\"a.nav-link\").contains(\"My Profile\").should(\"be.visible\");\ncy.get(\"a.nav-link\").contains(\"Calls History\").should(\"be.visible\");\ncy.get(\"a.nav-link\").contains(\"Home\").should(\"be.visible\");",
                  "err": {},
                  "uuid": "4887da1c-bdb1-4663-a057-0eca58a826b0",
                  "parentUUID": "9abad7ce-9dcb-4ee2-a9e3-d82000ad738f",
                  "isHook": false,
                  "skipped": false
                },
                {
                  "title": "should display the Agents section",
                  "fullTitle": "Views for Calls History Page Check view elements on Calls History page should display the Agents section",
                  "timedOut": null,
                  "duration": 1571,
                  "state": "passed",
                  "speed": "fast",
                  "pass": true,
                  "fail": false,
                  "pending": false,
                  "context": null,
                  "code": "// Asegúrate de que la sección de agentes exista en el DOM y sea visible\ncy.get(\"div.backgroundBlueAgents\").should(\"exist\").and(\"be.visible\");",
                  "err": {},
                  "uuid": "588cf058-d22f-432d-af49-86962308ced8",
                  "parentUUID": "9abad7ce-9dcb-4ee2-a9e3-d82000ad738f",
                  "isHook": false,
                  "skipped": false
                },
                {
                  "title": "should display the search input field",
                  "fullTitle": "Views for Calls History Page Check view elements on Calls History page should display the search input field",
                  "timedOut": null,
                  "duration": 1494,
                  "state": "passed",
                  "speed": "fast",
                  "pass": true,
                  "fail": false,
                  "pending": false,
                  "context": null,
                  "code": "// Asegúrate de que el campo de búsqueda exista en el DOM y sea visible\ncy.get('input.inputSearch').should('exist').and('be.visible');",
                  "err": {},
                  "uuid": "0baf8917-b3b0-467e-8f0d-74307420d2eb",
                  "parentUUID": "9abad7ce-9dcb-4ee2-a9e3-d82000ad738f",
                  "isHook": false,
                  "skipped": false
                },
                {
                  "title": "should display the date input field",
                  "fullTitle": "Views for Calls History Page Check view elements on Calls History page should display the date input field",
                  "timedOut": null,
                  "duration": 1554,
                  "state": "passed",
                  "speed": "fast",
                  "pass": true,
                  "fail": false,
                  "pending": false,
                  "context": null,
                  "code": "// Asegúrate de que el campo de fecha exista en el DOM y sea visible\ncy.get('input.inputDate').should('exist').and('be.visible');",
                  "err": {},
                  "uuid": "9512c1f1-83f8-49e5-948b-fcc95f2c73ec",
                  "parentUUID": "9abad7ce-9dcb-4ee2-a9e3-d82000ad738f",
                  "isHook": false,
                  "skipped": false
                },
                {
                  "title": "should display the search and all buttons",
                  "fullTitle": "Views for Calls History Page Check view elements on Calls History page should display the search and all buttons",
                  "timedOut": null,
                  "duration": 1557,
                  "state": "passed",
                  "speed": "fast",
                  "pass": true,
                  "fail": false,
                  "pending": false,
                  "context": null,
                  "code": "// Asegúrate de que los botones de búsqueda y \"All\" existan en el DOM y sean visibles\ncy.get('button.buttonSearch').contains('Search').should('exist').and('be.visible');\ncy.get('button.buttonSearch').contains('All').should('exist').and('be.visible');",
                  "err": {},
                  "uuid": "c02edcde-352b-4dc3-9a56-bf191eb88822",
                  "parentUUID": "9abad7ce-9dcb-4ee2-a9e3-d82000ad738f",
                  "isHook": false,
                  "skipped": false
                }
              ],
              "suites": [],
              "passes": [
                "4887da1c-bdb1-4663-a057-0eca58a826b0",
                "588cf058-d22f-432d-af49-86962308ced8",
                "0baf8917-b3b0-467e-8f0d-74307420d2eb",
                "9512c1f1-83f8-49e5-948b-fcc95f2c73ec",
                "c02edcde-352b-4dc3-9a56-bf191eb88822"
              ],
              "failures": [],
              "pending": [],
              "skipped": [],
              "duration": 8582,
              "root": false,
              "rootEmpty": false,
              "_timeout": 2000
            }
          ],
          "passes": [],
          "failures": [],
          "pending": [],
          "skipped": [],
          "duration": 0,
          "root": false,
          "rootEmpty": false,
          "_timeout": 2000
        }
      ],
      "passes": [],
      "failures": [],
      "pending": [],
      "skipped": [],
      "duration": 0,
      "root": true,
      "rootEmpty": true,
      "_timeout": 2000
    }
  ],
  "meta": {
    "mocha": {
      "version": "7.0.1"
    },
    "mochawesome": {
      "options": {
        "quiet": false,
        "reportFilename": "mochawesome",
        "saveHtml": false,
        "saveJson": true,
        "consoleReporter": "spec",
        "useInlineDiffs": false,
        "code": true
      },
      "version": "7.1.3"
    },
    "marge": {
      "options": {
        "reportDir": "cypress\\reports\\.jsons",
        "overwrite": false,
        "html": false,
        "json": true,
        "charts": true
      },
      "version": "6.2.0"
    }
  }
}