{
  "stats": {
    "suites": 2,
    "tests": 3,
    "passes": 3,
    "pending": 0,
    "failures": 0,
    "start": "2024-06-16T07:43:18.664Z",
    "end": "2024-06-16T07:43:25.914Z",
    "duration": 7250,
    "testsRegistered": 3,
    "passPercent": 100,
    "pendingPercent": 0,
    "other": 0,
    "hasOther": false,
    "skipped": 0,
    "hasSkipped": false
  },
  "results": [
    {
      "uuid": "44d866e7-0037-4c88-b3c3-23d38e935fae",
      "title": "",
      "fullFile": "cypress\\e2e\\pages\\Supervisor\\TestSupervisorProfile.view.cy.js",
      "file": "cypress\\e2e\\pages\\Supervisor\\TestSupervisorProfile.view.cy.js",
      "beforeHooks": [],
      "afterHooks": [],
      "tests": [],
      "suites": [
        {
          "uuid": "c4991140-8e9e-4682-8584-828889106cf1",
          "title": "Profile Page Elements and Buttons",
          "fullFile": "",
          "file": "",
          "beforeHooks": [],
          "afterHooks": [],
          "tests": [],
          "suites": [
            {
              "uuid": "ebce66ba-36d5-4cf8-acd7-caca014440c0",
              "title": "Check profile elements",
              "fullFile": "",
              "file": "",
              "beforeHooks": [],
              "afterHooks": [],
              "tests": [
                {
                  "title": "should display buttons My Profile, Calls History, and Home",
                  "fullTitle": "Profile Page Elements and Buttons Check profile elements should display buttons My Profile, Calls History, and Home",
                  "timedOut": null,
                  "duration": 1918,
                  "state": "passed",
                  "speed": "fast",
                  "pass": true,
                  "fail": false,
                  "pending": false,
                  "context": null,
                  "code": "// Asegúrate de que los elementos existan en el DOM\ncy.get(\"a.nav-link\").contains(\"My Profile\").should(\"exist\");\ncy.get(\"a.nav-link\").contains(\"Calls History\").should(\"exist\");\ncy.get(\"a.nav-link\").contains(\"Home\").should(\"exist\");\n// Asegúrate de que los elementos sean visibles\ncy.get(\"a.nav-link\").contains(\"My Profile\").should(\"be.visible\");\ncy.get(\"a.nav-link\").contains(\"Calls History\").should(\"be.visible\");\ncy.get(\"a.nav-link\").contains(\"Home\").should(\"be.visible\");",
                  "err": {},
                  "uuid": "d78efef0-8f0b-4279-a194-4eb7a3fa3a28",
                  "parentUUID": "ebce66ba-36d5-4cf8-acd7-caca014440c0",
                  "isHook": false,
                  "skipped": false
                },
                {
                  "title": "should display user email, name, and birthdate",
                  "fullTitle": "Profile Page Elements and Buttons Check profile elements should display user email, name, and birthdate",
                  "timedOut": null,
                  "duration": 2020,
                  "state": "passed",
                  "speed": "fast",
                  "pass": true,
                  "fail": false,
                  "pending": false,
                  "context": null,
                  "code": "// Asegúrate de que los elementos existan en el DOM y sean visibles\ncy.get(\"h1.mt-3\").should(\"exist\").and(\"be.visible\"); // Nombre del usuario\ncy.contains(\"E-mail:\").parent().should(\"exist\").and(\"be.visible\");\ncy.contains(\"Birthdate:\").parent().should(\"exist\").and(\"be.visible\");",
                  "err": {},
                  "uuid": "3b3d91fa-2e35-4855-bcca-fa133669d22a",
                  "parentUUID": "ebce66ba-36d5-4cf8-acd7-caca014440c0",
                  "isHook": false,
                  "skipped": false
                },
                {
                  "title": "should display buttons Logout and My Agents",
                  "fullTitle": "Profile Page Elements and Buttons Check profile elements should display buttons Logout and My Agents",
                  "timedOut": null,
                  "duration": 2059,
                  "state": "passed",
                  "speed": "fast",
                  "pass": true,
                  "fail": false,
                  "pending": false,
                  "context": null,
                  "code": "// Asegúrate de que los botones existan en el DOM y sean visibles\ncy.get(\"button\").contains(\"Logout\").should(\"exist\").and(\"be.visible\");\ncy.get(\"button\").contains(\"My Agents\").should(\"exist\").and(\"be.visible\");",
                  "err": {},
                  "uuid": "d93bd353-a577-49b6-bc12-22f2409a9a11",
                  "parentUUID": "ebce66ba-36d5-4cf8-acd7-caca014440c0",
                  "isHook": false,
                  "skipped": false
                }
              ],
              "suites": [],
              "passes": [
                "d78efef0-8f0b-4279-a194-4eb7a3fa3a28",
                "3b3d91fa-2e35-4855-bcca-fa133669d22a",
                "d93bd353-a577-49b6-bc12-22f2409a9a11"
              ],
              "failures": [],
              "pending": [],
              "skipped": [],
              "duration": 5997,
              "root": false,
              "rootEmpty": false,
              "_timeout": 2000
            }
          ],
          "passes": [],
          "failures": [],
          "pending": [],
          "skipped": [],
          "duration": 0,
          "root": false,
          "rootEmpty": false,
          "_timeout": 2000
        }
      ],
      "passes": [],
      "failures": [],
      "pending": [],
      "skipped": [],
      "duration": 0,
      "root": true,
      "rootEmpty": true,
      "_timeout": 2000
    }
  ],
  "meta": {
    "mocha": {
      "version": "7.0.1"
    },
    "mochawesome": {
      "options": {
        "quiet": false,
        "reportFilename": "mochawesome",
        "saveHtml": false,
        "saveJson": true,
        "consoleReporter": "spec",
        "useInlineDiffs": false,
        "code": true
      },
      "version": "7.1.3"
    },
    "marge": {
      "options": {
        "reportDir": "cypress\\reports\\.jsons",
        "overwrite": false,
        "html": false,
        "json": true,
        "charts": true
      },
      "version": "6.2.0"
    }
  }
}