{
  "stats": {
    "suites": 2,
    "tests": 3,
    "passes": 3,
    "pending": 0,
    "failures": 0,
    "start": "2024-06-16T07:45:09.913Z",
    "end": "2024-06-16T07:45:17.869Z",
    "duration": 7956,
    "testsRegistered": 3,
    "passPercent": 100,
    "pendingPercent": 0,
    "other": 0,
    "hasOther": false,
    "skipped": 0,
    "hasSkipped": false
  },
  "results": [
    {
      "uuid": "0ddbfbd3-6521-42b1-8879-c4b74ead91b3",
      "title": "",
      "fullFile": "cypress\\e2e\\tests\\Agent\\TestCloseCPPAgent.cy.js",
      "file": "cypress\\e2e\\tests\\Agent\\TestCloseCPPAgent.cy.js",
      "beforeHooks": [],
      "afterHooks": [],
      "tests": [],
      "suites": [
        {
          "uuid": "d1c3607a-5782-49e9-9a0d-5b208bf78ee7",
          "title": "See CPP",
          "fullFile": "",
          "file": "",
          "beforeHooks": [],
          "afterHooks": [],
          "tests": [
            {
              "title": "should close the Connect CPP modal when the Close button in the header is clicked",
              "fullTitle": "See CPP should close the Connect CPP modal when the Close button in the header is clicked",
              "timedOut": null,
              "duration": 2160,
              "state": "passed",
              "speed": "fast",
              "pass": true,
              "fail": false,
              "pending": false,
              "context": null,
              "code": "// Haz clic en el botón de cerrar en el encabezado del modal\ncy.get('button[type=\"button\"].btn-close[data-bs-dismiss=\"modal\"]').click();",
              "err": {},
              "uuid": "aa05b9a6-d4d2-4549-a891-d5798b572d11",
              "parentUUID": "d1c3607a-5782-49e9-9a0d-5b208bf78ee7",
              "isHook": false,
              "skipped": false
            },
            {
              "title": "should close the Connect CPP modal when the modal Close button in the footer is clicked",
              "fullTitle": "See CPP should close the Connect CPP modal when the modal Close button in the footer is clicked",
              "timedOut": null,
              "duration": 2266,
              "state": "passed",
              "speed": "fast",
              "pass": true,
              "fail": false,
              "pending": false,
              "context": null,
              "code": "cy.get('button.btn-close[data-bs-dismiss=\"modal\"]').click();",
              "err": {},
              "uuid": "0b9345be-4c5c-49b2-90e0-118171e8f407",
              "parentUUID": "d1c3607a-5782-49e9-9a0d-5b208bf78ee7",
              "isHook": false,
              "skipped": false
            }
          ],
          "suites": [
            {
              "uuid": "f6276d62-9bc1-4775-8bc6-6c4a3ac87d1a",
              "title": "Verify Connect CPP modal elements are present and visible",
              "fullFile": "",
              "file": "",
              "beforeHooks": [],
              "afterHooks": [],
              "tests": [
                {
                  "title": "should open the Connect CPP modal when the chatbot button is clicked",
                  "fullTitle": "See CPP Verify Connect CPP modal elements are present and visible should open the Connect CPP modal when the chatbot button is clicked",
                  "timedOut": null,
                  "duration": 2329,
                  "state": "passed",
                  "speed": "fast",
                  "pass": true,
                  "fail": false,
                  "pending": false,
                  "context": null,
                  "code": "// Verifica que el modal de Connect CPP esté presente y visible\ncy.get(\"#modalConnectCpp\").should(\"exist\").and(\"be.visible\");\n// Verifica el contenido del modal\ncy.get(\"#modalConnectCpp .modal-title\").contains(\"CONNECT CPP\").should(\"exist\").and(\"be.visible\");\ncy.get(\"#modalConnectCpp .btn-close\").should(\"exist\").and(\"be.visible\");\ncy.get(\"#modalConnectCpp .modal-body #ccp\").should(\"exist\").and(\"be.visible\");\ncy.get(\"#modalConnectCpp .modal-footer .btn.btn-secondary\").contains(\"Close\").should(\"exist\").and(\"be.visible\");",
                  "err": {},
                  "uuid": "66d3c378-48fa-4670-bf6a-bb84a5b65c99",
                  "parentUUID": "f6276d62-9bc1-4775-8bc6-6c4a3ac87d1a",
                  "isHook": false,
                  "skipped": false
                }
              ],
              "suites": [],
              "passes": [
                "66d3c378-48fa-4670-bf6a-bb84a5b65c99"
              ],
              "failures": [],
              "pending": [],
              "skipped": [],
              "duration": 2329,
              "root": false,
              "rootEmpty": false,
              "_timeout": 2000
            }
          ],
          "passes": [
            "aa05b9a6-d4d2-4549-a891-d5798b572d11",
            "0b9345be-4c5c-49b2-90e0-118171e8f407"
          ],
          "failures": [],
          "pending": [],
          "skipped": [],
          "duration": 4426,
          "root": false,
          "rootEmpty": false,
          "_timeout": 2000
        }
      ],
      "passes": [],
      "failures": [],
      "pending": [],
      "skipped": [],
      "duration": 0,
      "root": true,
      "rootEmpty": true,
      "_timeout": 2000
    }
  ],
  "meta": {
    "mocha": {
      "version": "7.0.1"
    },
    "mochawesome": {
      "options": {
        "quiet": false,
        "reportFilename": "mochawesome",
        "saveHtml": false,
        "saveJson": true,
        "consoleReporter": "spec",
        "useInlineDiffs": false,
        "code": true
      },
      "version": "7.1.3"
    },
    "marge": {
      "options": {
        "reportDir": "cypress\\reports\\.jsons",
        "overwrite": false,
        "html": false,
        "json": true,
        "charts": true
      },
      "version": "6.2.0"
    }
  }
}