{
  "stats": {
    "suites": 1,
    "tests": 4,
    "passes": 4,
    "pending": 0,
    "failures": 0,
    "start": "2024-06-16T07:45:03.838Z",
    "end": "2024-06-16T07:45:08.124Z",
    "duration": 4286,
    "testsRegistered": 4,
    "passPercent": 100,
    "pendingPercent": 0,
    "other": 0,
    "hasOther": false,
    "skipped": 0,
    "hasSkipped": false
  },
  "results": [
    {
      "uuid": "6f9d04f7-08bb-4e15-94e3-3e868c2e333d",
      "title": "",
      "fullFile": "cypress\\e2e\\tests\\Agent\\TesLoginAgent.cy.js",
      "file": "cypress\\e2e\\tests\\Agent\\TesLoginAgent.cy.js",
      "beforeHooks": [],
      "afterHooks": [],
      "tests": [],
      "suites": [
        {
          "uuid": "c8c556ab-1523-4f25-a0c7-e2eeb7749cda",
          "title": "Login Agente",
          "fullFile": "",
          "file": "",
          "beforeHooks": [],
          "afterHooks": [],
          "tests": [
            {
              "title": "should display GNP and vivir es increible images ",
              "fullTitle": "Login Agente should display GNP and vivir es increible images ",
              "timedOut": null,
              "duration": 561,
              "state": "passed",
              "speed": "fast",
              "pass": true,
              "fail": false,
              "pending": false,
              "context": null,
              "code": "cy.get('img[src=\"/src/assets/images/GNP_Seguros.svg\"][alt=\"Logo GNP\"]').should(\"be.visible\");\ncy.get('img[src=\"/src/assets/images/gnpVivirIncreible.png\"]').should(\"be.visible\");",
              "err": {},
              "uuid": "23f30e15-d6c7-4195-baac-a510a37d0795",
              "parentUUID": "c8c556ab-1523-4f25-a0c7-e2eeb7749cda",
              "isHook": false,
              "skipped": false
            },
            {
              "title": "should display the login form",
              "fullTitle": "Login Agente should display the login form",
              "timedOut": null,
              "duration": 263,
              "state": "passed",
              "speed": "fast",
              "pass": true,
              "fail": false,
              "pending": false,
              "context": null,
              "code": "cy.get(\"h2\").contains(\"Login\").should(\"be.visible\");\ncy.get('input[name=\"email\"]').should(\"be.visible\");\ncy.get('input[name=\"password\"]').should(\"be.visible\");\ncy.get(\"button\").contains(\"Login\").should(\"be.disabled\");",
              "err": {},
              "uuid": "dda37e40-b0dd-4dc1-a558-453445e58f8e",
              "parentUUID": "c8c556ab-1523-4f25-a0c7-e2eeb7749cda",
              "isHook": false,
              "skipped": false
            },
            {
              "title": "should show error message on invalid login",
              "fullTitle": "Login Agente should show error message on invalid login",
              "timedOut": null,
              "duration": 1006,
              "state": "passed",
              "speed": "fast",
              "pass": true,
              "fail": false,
              "pending": false,
              "context": null,
              "code": "// PRUEBA DE API\ncy.intercept(\"POST\", LocalUrl, {\n  statusCode: 401,\n  body: {\n    message: \"Incorrect username or password.\"\n  }\n});\ncy.get('input[name=\"email\"]').type(\"invalid@example.com\");\ncy.get('input[name=\"password\"]').type(\"wrongpassword\");\ncy.get(\"button\").contains(\"Login\").click();\n//PRUEBA DE ALERTA\ncy.get(\".alert-danger\").should(\"be.visible\").and(\"contain\", \"Incorrect username or password.\");",
              "err": {},
              "uuid": "4b871a05-a43a-4caa-a9da-408f226cea8f",
              "parentUUID": "c8c556ab-1523-4f25-a0c7-e2eeb7749cda",
              "isHook": false,
              "skipped": false
            },
            {
              "title": "should login successfully and redirect based on user type AGENTE",
              "fullTitle": "Login Agente should login successfully and redirect based on user type AGENTE",
              "timedOut": null,
              "duration": 1241,
              "state": "passed",
              "speed": "fast",
              "pass": true,
              "fail": false,
              "pending": false,
              "context": null,
              "code": "// Mocking the API response for valid login\ncy.get('input[name=\"email\"]').type(\"correo@example.com\");\ncy.get('input[name=\"password\"]').type(\"12345\");\ncy.get('.btn.btn-custom.w-100').click();\ncy.window().then(win => {\n  const token = win.localStorage.getItem(\"token\");\n  // Verify redirection (optional, adapt URL based on supervisor redirection)\n  cy.url().should(\"include\", \"/agent/home\"); // Change URL based on supervisor redirection\n});",
              "err": {},
              "uuid": "9d88b87d-5557-484e-b754-499c4b3ebe3f",
              "parentUUID": "c8c556ab-1523-4f25-a0c7-e2eeb7749cda",
              "isHook": false,
              "skipped": false
            }
          ],
          "suites": [],
          "passes": [
            "23f30e15-d6c7-4195-baac-a510a37d0795",
            "dda37e40-b0dd-4dc1-a558-453445e58f8e",
            "4b871a05-a43a-4caa-a9da-408f226cea8f",
            "9d88b87d-5557-484e-b754-499c4b3ebe3f"
          ],
          "failures": [],
          "pending": [],
          "skipped": [],
          "duration": 3071,
          "root": false,
          "rootEmpty": false,
          "_timeout": 2000
        }
      ],
      "passes": [],
      "failures": [],
      "pending": [],
      "skipped": [],
      "duration": 0,
      "root": true,
      "rootEmpty": true,
      "_timeout": 2000
    }
  ],
  "meta": {
    "mocha": {
      "version": "7.0.1"
    },
    "mochawesome": {
      "options": {
        "quiet": false,
        "reportFilename": "mochawesome",
        "saveHtml": false,
        "saveJson": true,
        "consoleReporter": "spec",
        "useInlineDiffs": false,
        "code": true
      },
      "version": "7.1.3"
    },
    "marge": {
      "options": {
        "reportDir": "cypress\\reports\\.jsons",
        "overwrite": false,
        "html": false,
        "json": true,
        "charts": true
      },
      "version": "6.2.0"
    }
  }
}