{
  "stats": {
    "suites": 1,
    "tests": 6,
    "passes": 6,
    "pending": 0,
    "failures": 0,
    "start": "2024-06-16T07:42:38.704Z",
    "end": "2024-06-16T07:42:44.490Z",
    "duration": 5786,
    "testsRegistered": 6,
    "passPercent": 100,
    "pendingPercent": 0,
    "other": 0,
    "hasOther": false,
    "skipped": 0,
    "hasSkipped": false
  },
  "results": [
    {
      "uuid": "dce2412b-e8aa-4cf6-97d6-21f022a2574d",
      "title": "",
      "fullFile": "cypress\\e2e\\pages\\TestLogin.view.cy.js",
      "file": "cypress\\e2e\\pages\\TestLogin.view.cy.js",
      "beforeHooks": [],
      "afterHooks": [],
      "tests": [],
      "suites": [
        {
          "uuid": "1c66f70f-66ef-441a-82ba-a770862f6eef",
          "title": "View Login",
          "fullFile": "",
          "file": "",
          "beforeHooks": [],
          "afterHooks": [],
          "tests": [
            {
              "title": "should display GNP and vivir es increible images ",
              "fullTitle": "View Login should display GNP and vivir es increible images ",
              "timedOut": null,
              "duration": 662,
              "state": "passed",
              "speed": "fast",
              "pass": true,
              "fail": false,
              "pending": false,
              "context": null,
              "code": "cy.get('img[src=\"/src/assets/images/GNP_Seguros.svg\"][alt=\"Logo GNP\"]').should(\"be.visible\");\ncy.get('img[src=\"/src/assets/images/gnpVivirIncreible.png\"]').should(\"be.visible\");",
              "err": {},
              "uuid": "7ea326fc-bafc-4cfd-86bc-5f8b6449f754",
              "parentUUID": "1c66f70f-66ef-441a-82ba-a770862f6eef",
              "isHook": false,
              "skipped": false
            },
            {
              "title": "should display the login form",
              "fullTitle": "View Login should display the login form",
              "timedOut": null,
              "duration": 997,
              "state": "passed",
              "speed": "fast",
              "pass": true,
              "fail": false,
              "pending": false,
              "context": null,
              "code": "cy.get(\"h2\").contains(\"Login\").should(\"be.visible\");\ncy.get('input[name=\"email\"]').should(\"be.visible\");\ncy.get('input[name=\"password\"]').should(\"be.visible\");\ncy.get(\"button\").contains(\"Login\").should(\"be.disabled\");",
              "err": {},
              "uuid": "62716db9-d8ae-44ad-af66-1d38c0ab510a",
              "parentUUID": "1c66f70f-66ef-441a-82ba-a770862f6eef",
              "isHook": false,
              "skipped": false
            },
            {
              "title": "should enable the login button when form is valid",
              "fullTitle": "View Login should enable the login button when form is valid",
              "timedOut": null,
              "duration": 836,
              "state": "passed",
              "speed": "fast",
              "pass": true,
              "fail": false,
              "pending": false,
              "context": null,
              "code": "cy.get('input[name=\"email\"]').type(\"correo5@example.com\");\ncy.get('input[name=\"password\"]').type(\"12345\");\ncy.get(\"button\").contains(\"Login\").should(\"not.be.disabled\");",
              "err": {},
              "uuid": "3bc143ae-78fe-4755-b038-444ba9dcf9f6",
              "parentUUID": "1c66f70f-66ef-441a-82ba-a770862f6eef",
              "isHook": false,
              "skipped": false
            },
            {
              "title": "button should be disabled if the Email is invalid",
              "fullTitle": "View Login button should be disabled if the Email is invalid",
              "timedOut": null,
              "duration": 810,
              "state": "passed",
              "speed": "fast",
              "pass": true,
              "fail": false,
              "pending": false,
              "context": null,
              "code": "cy.get('input[name=\"email\"]').type(\"correo5example.com\");\ncy.get('input[name=\"password\"]').type(\"12345\");\ncy.get(\"button\").contains(\"Login\").should(\"be.disabled\");",
              "err": {},
              "uuid": "28c9c45a-6cea-4b9d-bea2-a3d9187313ea",
              "parentUUID": "1c66f70f-66ef-441a-82ba-a770862f6eef",
              "isHook": false,
              "skipped": false
            },
            {
              "title": "button should be disabled if missing password is invalid",
              "fullTitle": "View Login button should be disabled if missing password is invalid",
              "timedOut": null,
              "duration": 598,
              "state": "passed",
              "speed": "fast",
              "pass": true,
              "fail": false,
              "pending": false,
              "context": null,
              "code": "cy.get('input[name=\"email\"]').type(\"correo5example.com\");\ncy.get(\"button\").contains(\"Login\").should(\"be.disabled\");",
              "err": {},
              "uuid": "c7e4ae97-eada-4438-8fbe-1bb7945a163a",
              "parentUUID": "1c66f70f-66ef-441a-82ba-a770862f6eef",
              "isHook": false,
              "skipped": false
            },
            {
              "title": "button should be disabled wihout information",
              "fullTitle": "View Login button should be disabled wihout information",
              "timedOut": null,
              "duration": 277,
              "state": "passed",
              "speed": "fast",
              "pass": true,
              "fail": false,
              "pending": false,
              "context": null,
              "code": "cy.get(\"button\").contains(\"Login\").should(\"be.disabled\");",
              "err": {},
              "uuid": "699aee24-0bac-4f0c-a946-12b782b46aa1",
              "parentUUID": "1c66f70f-66ef-441a-82ba-a770862f6eef",
              "isHook": false,
              "skipped": false
            }
          ],
          "suites": [],
          "passes": [
            "7ea326fc-bafc-4cfd-86bc-5f8b6449f754",
            "62716db9-d8ae-44ad-af66-1d38c0ab510a",
            "3bc143ae-78fe-4755-b038-444ba9dcf9f6",
            "28c9c45a-6cea-4b9d-bea2-a3d9187313ea",
            "c7e4ae97-eada-4438-8fbe-1bb7945a163a",
            "699aee24-0bac-4f0c-a946-12b782b46aa1"
          ],
          "failures": [],
          "pending": [],
          "skipped": [],
          "duration": 4180,
          "root": false,
          "rootEmpty": false,
          "_timeout": 2000
        }
      ],
      "passes": [],
      "failures": [],
      "pending": [],
      "skipped": [],
      "duration": 0,
      "root": true,
      "rootEmpty": true,
      "_timeout": 2000
    }
  ],
  "meta": {
    "mocha": {
      "version": "7.0.1"
    },
    "mochawesome": {
      "options": {
        "quiet": false,
        "reportFilename": "mochawesome",
        "saveHtml": false,
        "saveJson": true,
        "consoleReporter": "spec",
        "useInlineDiffs": false,
        "code": true
      },
      "version": "7.1.3"
    },
    "marge": {
      "options": {
        "reportDir": "cypress\\reports\\.jsons",
        "overwrite": false,
        "html": false,
        "json": true,
        "charts": true
      },
      "version": "6.2.0"
    }
  }
}