{
  "stats": {
    "suites": 3,
    "tests": 14,
    "passes": 14,
    "pending": 0,
    "failures": 0,
    "start": "2024-06-16T07:44:33.851Z",
    "end": "2024-06-16T07:45:02.117Z",
    "duration": 28266,
    "testsRegistered": 14,
    "passPercent": 100,
    "pendingPercent": 0,
    "other": 0,
    "hasOther": false,
    "skipped": 0,
    "hasSkipped": false
  },
  "results": [
    {
      "uuid": "6500031c-505e-4cca-b61a-3b36b6fae047",
      "title": "",
      "fullFile": "cypress\\e2e\\pages\\Agent\\TestAgentProfile.view.cy.js",
      "file": "cypress\\e2e\\pages\\Agent\\TestAgentProfile.view.cy.js",
      "beforeHooks": [],
      "afterHooks": [],
      "tests": [],
      "suites": [
        {
          "uuid": "07153c2c-9acf-4db7-aae1-2ff5f08168ae",
          "title": "View Agent My Profile",
          "fullFile": "",
          "file": "",
          "beforeHooks": [],
          "afterHooks": [],
          "tests": [
            {
              "title": "should login successfully and redirect based on user type AGENTE",
              "fullTitle": "View Agent My Profile should login successfully and redirect based on user type AGENTE",
              "timedOut": null,
              "duration": 1984,
              "state": "passed",
              "speed": "fast",
              "pass": true,
              "fail": false,
              "pending": false,
              "context": null,
              "code": "cy.url().should(\"include\", \"/agent/profile\");",
              "err": {},
              "uuid": "f529bded-cb21-4f79-bdc2-875cd83b28be",
              "parentUUID": "07153c2c-9acf-4db7-aae1-2ff5f08168ae",
              "isHook": false,
              "skipped": false
            }
          ],
          "suites": [
            {
              "uuid": "74cce19f-d6bb-41c2-98a3-98de04e0e530",
              "title": "Verify profile elements are present and visible",
              "fullFile": "",
              "file": "",
              "beforeHooks": [],
              "afterHooks": [],
              "tests": [
                {
                  "title": "should display the agent's name container",
                  "fullTitle": "View Agent My Profile Verify profile elements are present and visible should display the agent's name container",
                  "timedOut": null,
                  "duration": 2594,
                  "state": "passed",
                  "speed": "fast",
                  "pass": true,
                  "fail": false,
                  "pending": false,
                  "context": null,
                  "code": "cy.get('h1.mt-3').should(\"exist\").and(\"be.visible\");",
                  "err": {},
                  "uuid": "db426b85-9d5f-409e-9e13-193ed599d0f6",
                  "parentUUID": "74cce19f-d6bb-41c2-98a3-98de04e0e530",
                  "isHook": false,
                  "skipped": false
                },
                {
                  "title": "should display the User Info heading",
                  "fullTitle": "View Agent My Profile Verify profile elements are present and visible should display the User Info heading",
                  "timedOut": null,
                  "duration": 2616,
                  "state": "passed",
                  "speed": "fast",
                  "pass": true,
                  "fail": false,
                  "pending": false,
                  "context": null,
                  "code": "cy.contains('h2', 'User Info').should(\"exist\").and(\"be.visible\");",
                  "err": {},
                  "uuid": "3d60ea15-b6f0-46e8-85c5-28047fb51a19",
                  "parentUUID": "74cce19f-d6bb-41c2-98a3-98de04e0e530",
                  "isHook": false,
                  "skipped": false
                },
                {
                  "title": "should display the E-mail label",
                  "fullTitle": "View Agent My Profile Verify profile elements are present and visible should display the E-mail label",
                  "timedOut": null,
                  "duration": 2266,
                  "state": "passed",
                  "speed": "fast",
                  "pass": true,
                  "fail": false,
                  "pending": false,
                  "context": null,
                  "code": "cy.contains('strong', 'E-mail:').should(\"exist\").and(\"be.visible\");",
                  "err": {},
                  "uuid": "1fb4b2d6-3d89-4201-b48c-b3084a7422ef",
                  "parentUUID": "74cce19f-d6bb-41c2-98a3-98de04e0e530",
                  "isHook": false,
                  "skipped": false
                },
                {
                  "title": "should display the Birthdate label",
                  "fullTitle": "View Agent My Profile Verify profile elements are present and visible should display the Birthdate label",
                  "timedOut": null,
                  "duration": 2388,
                  "state": "passed",
                  "speed": "fast",
                  "pass": true,
                  "fail": false,
                  "pending": false,
                  "context": null,
                  "code": "cy.contains('strong', 'Birthdate:').should(\"exist\").and(\"be.visible\");",
                  "err": {},
                  "uuid": "07f0cfc5-fbe3-47ea-bbec-d7091be3cb67",
                  "parentUUID": "74cce19f-d6bb-41c2-98a3-98de04e0e530",
                  "isHook": false,
                  "skipped": false
                },
                {
                  "title": "should display the Logout button",
                  "fullTitle": "View Agent My Profile Verify profile elements are present and visible should display the Logout button",
                  "timedOut": null,
                  "duration": 2248,
                  "state": "passed",
                  "speed": "fast",
                  "pass": true,
                  "fail": false,
                  "pending": false,
                  "context": null,
                  "code": "cy.contains('button', 'Logout').should(\"exist\").and(\"be.visible\");",
                  "err": {},
                  "uuid": "82ddf53a-964b-409e-9e36-dab11560be66",
                  "parentUUID": "74cce19f-d6bb-41c2-98a3-98de04e0e530",
                  "isHook": false,
                  "skipped": false
                },
                {
                  "title": "should display the first paragraph inside div with id=root",
                  "fullTitle": "View Agent My Profile Verify profile elements are present and visible should display the first paragraph inside div with id=root",
                  "timedOut": null,
                  "duration": 2309,
                  "state": "passed",
                  "speed": "fast",
                  "pass": true,
                  "fail": false,
                  "pending": false,
                  "context": null,
                  "code": "cy.get('div[id=\"root\"] p').eq(0).should(\"exist\").and(\"be.visible\");",
                  "err": {},
                  "uuid": "267c61eb-2e6b-4760-b253-032b33bff3d8",
                  "parentUUID": "74cce19f-d6bb-41c2-98a3-98de04e0e530",
                  "isHook": false,
                  "skipped": false
                }
              ],
              "suites": [],
              "passes": [
                "db426b85-9d5f-409e-9e13-193ed599d0f6",
                "3d60ea15-b6f0-46e8-85c5-28047fb51a19",
                "1fb4b2d6-3d89-4201-b48c-b3084a7422ef",
                "07f0cfc5-fbe3-47ea-bbec-d7091be3cb67",
                "82ddf53a-964b-409e-9e36-dab11560be66",
                "267c61eb-2e6b-4760-b253-032b33bff3d8"
              ],
              "failures": [],
              "pending": [],
              "skipped": [],
              "duration": 14421,
              "root": false,
              "rootEmpty": false,
              "_timeout": 2000
            },
            {
              "uuid": "b287e94a-3b41-477e-969f-a35f783bf6b3",
              "title": "Verify icons and buttons are present and visible for Connect",
              "fullFile": "",
              "file": "",
              "beforeHooks": [],
              "afterHooks": [],
              "tests": [
                {
                  "title": "should display the telephone icon",
                  "fullTitle": "View Agent My Profile Verify icons and buttons are present and visible for Connect should display the telephone icon",
                  "timedOut": null,
                  "duration": 1492,
                  "state": "passed",
                  "speed": "fast",
                  "pass": true,
                  "fail": false,
                  "pending": false,
                  "context": null,
                  "code": "cy.get('i.bi-telephone-fill').should(\"exist\").and(\"be.visible\");",
                  "err": {},
                  "uuid": "d70fd175-3e82-4417-b166-a559c2835c8c",
                  "parentUUID": "b287e94a-3b41-477e-969f-a35f783bf6b3",
                  "isHook": false,
                  "skipped": false
                },
                {
                  "title": "should display the chatbot icon",
                  "fullTitle": "View Agent My Profile Verify icons and buttons are present and visible for Connect should display the chatbot icon",
                  "timedOut": null,
                  "duration": 1428,
                  "state": "passed",
                  "speed": "fast",
                  "pass": true,
                  "fail": false,
                  "pending": false,
                  "context": null,
                  "code": "cy.get('i.chatbot-icon').should(\"exist\").and(\"be.visible\");",
                  "err": {},
                  "uuid": "81658cf8-e60f-4df0-a63d-a71d172d0e7c",
                  "parentUUID": "b287e94a-3b41-477e-969f-a35f783bf6b3",
                  "isHook": false,
                  "skipped": false
                },
                {
                  "title": "should display icons within buttons of type button",
                  "fullTitle": "View Agent My Profile Verify icons and buttons are present and visible for Connect should display icons within buttons of type button",
                  "timedOut": null,
                  "duration": 1522,
                  "state": "passed",
                  "speed": "fast",
                  "pass": true,
                  "fail": false,
                  "pending": false,
                  "context": null,
                  "code": "cy.get('button[type=\"button\"] i').should(\"exist\").and(\"be.visible\");",
                  "err": {},
                  "uuid": "d547720f-3d01-4079-8370-a1e5eda44751",
                  "parentUUID": "b287e94a-3b41-477e-969f-a35f783bf6b3",
                  "isHook": false,
                  "skipped": false
                },
                {
                  "title": "should display icons within divs with data-bs-toggle attribute",
                  "fullTitle": "View Agent My Profile Verify icons and buttons are present and visible for Connect should display icons within divs with data-bs-toggle attribute",
                  "timedOut": null,
                  "duration": 1583,
                  "state": "passed",
                  "speed": "fast",
                  "pass": true,
                  "fail": false,
                  "pending": false,
                  "context": null,
                  "code": "cy.get('div[data-bs-toggle=\"modal\"] i').should(\"exist\").and(\"be.visible\");",
                  "err": {},
                  "uuid": "71d51c1a-957b-4ffe-a7a9-af3ed8c7bfcd",
                  "parentUUID": "b287e94a-3b41-477e-969f-a35f783bf6b3",
                  "isHook": false,
                  "skipped": false
                },
                {
                  "title": "should display icons within divs targeting modalConnectCpp",
                  "fullTitle": "View Agent My Profile Verify icons and buttons are present and visible for Connect should display icons within divs targeting modalConnectCpp",
                  "timedOut": null,
                  "duration": 1497,
                  "state": "passed",
                  "speed": "fast",
                  "pass": true,
                  "fail": false,
                  "pending": false,
                  "context": null,
                  "code": "cy.get('div[data-bs-target=\"#modalConnectCpp\"] i').should(\"exist\").and(\"be.visible\");",
                  "err": {},
                  "uuid": "cfffd907-2a6b-4ec7-85a7-826b2fbb6db3",
                  "parentUUID": "b287e94a-3b41-477e-969f-a35f783bf6b3",
                  "isHook": false,
                  "skipped": false
                },
                {
                  "title": "should display icons within chatbot button",
                  "fullTitle": "View Agent My Profile Verify icons and buttons are present and visible for Connect should display icons within chatbot button",
                  "timedOut": null,
                  "duration": 1412,
                  "state": "passed",
                  "speed": "fast",
                  "pass": true,
                  "fail": false,
                  "pending": false,
                  "context": null,
                  "code": "cy.get('button.chatbot-button i').should(\"exist\").and(\"be.visible\");",
                  "err": {},
                  "uuid": "e7b9d153-3669-4eeb-8a8c-6c5bae010365",
                  "parentUUID": "b287e94a-3b41-477e-969f-a35f783bf6b3",
                  "isHook": false,
                  "skipped": false
                },
                {
                  "title": "should display icons within chatbot button container",
                  "fullTitle": "View Agent My Profile Verify icons and buttons are present and visible for Connect should display icons within chatbot button container",
                  "timedOut": null,
                  "duration": 1465,
                  "state": "passed",
                  "speed": "fast",
                  "pass": true,
                  "fail": false,
                  "pending": false,
                  "context": null,
                  "code": "cy.get('div.chatbot-button-container i').should(\"exist\").and(\"be.visible\");",
                  "err": {},
                  "uuid": "7c595746-d5d8-4c57-941f-28b832551b74",
                  "parentUUID": "b287e94a-3b41-477e-969f-a35f783bf6b3",
                  "isHook": false,
                  "skipped": false
                }
              ],
              "suites": [],
              "passes": [
                "d70fd175-3e82-4417-b166-a559c2835c8c",
                "81658cf8-e60f-4df0-a63d-a71d172d0e7c",
                "d547720f-3d01-4079-8370-a1e5eda44751",
                "71d51c1a-957b-4ffe-a7a9-af3ed8c7bfcd",
                "cfffd907-2a6b-4ec7-85a7-826b2fbb6db3",
                "e7b9d153-3669-4eeb-8a8c-6c5bae010365",
                "7c595746-d5d8-4c57-941f-28b832551b74"
              ],
              "failures": [],
              "pending": [],
              "skipped": [],
              "duration": 10399,
              "root": false,
              "rootEmpty": false,
              "_timeout": 2000
            }
          ],
          "passes": [
            "f529bded-cb21-4f79-bdc2-875cd83b28be"
          ],
          "failures": [],
          "pending": [],
          "skipped": [],
          "duration": 1984,
          "root": false,
          "rootEmpty": false,
          "_timeout": 2000
        }
      ],
      "passes": [],
      "failures": [],
      "pending": [],
      "skipped": [],
      "duration": 0,
      "root": true,
      "rootEmpty": true,
      "_timeout": 2000
    }
  ],
  "meta": {
    "mocha": {
      "version": "7.0.1"
    },
    "mochawesome": {
      "options": {
        "quiet": false,
        "reportFilename": "mochawesome",
        "saveHtml": false,
        "saveJson": true,
        "consoleReporter": "spec",
        "useInlineDiffs": false,
        "code": true
      },
      "version": "7.1.3"
    },
    "marge": {
      "options": {
        "reportDir": "cypress\\reports\\.jsons",
        "overwrite": false,
        "html": false,
        "json": true,
        "charts": true
      },
      "version": "6.2.0"
    }
  }
}