{
  "stats": {
    "suites": 3,
    "tests": 13,
    "passes": 13,
    "pending": 0,
    "failures": 0,
    "start": "2024-06-16T07:44:09.263Z",
    "end": "2024-06-16T07:44:32.106Z",
    "duration": 22843,
    "testsRegistered": 13,
    "passPercent": 100,
    "pendingPercent": 0,
    "other": 0,
    "hasOther": false,
    "skipped": 0,
    "hasSkipped": false
  },
  "results": [
    {
      "uuid": "38fb434b-6e76-4462-8356-a53078833bfa",
      "title": "",
      "fullFile": "cypress\\e2e\\pages\\Agent\\TestAgentHome.view.cy.js",
      "file": "cypress\\e2e\\pages\\Agent\\TestAgentHome.view.cy.js",
      "beforeHooks": [],
      "afterHooks": [],
      "tests": [],
      "suites": [
        {
          "uuid": "ed190c75-ce51-4fb0-a341-655848489020",
          "title": "View Agent Home",
          "fullFile": "",
          "file": "",
          "beforeHooks": [],
          "afterHooks": [],
          "tests": [
            {
              "title": "should login successfully and redirect based on user type AGENTE",
              "fullTitle": "View Agent Home should login successfully and redirect based on user type AGENTE",
              "timedOut": null,
              "duration": 2048,
              "state": "passed",
              "speed": "fast",
              "pass": true,
              "fail": false,
              "pending": false,
              "context": null,
              "code": "cy.url().should(\"include\", \"/agent/home\");",
              "err": {},
              "uuid": "36466e6f-16b5-4a28-af8a-60cad056b7e8",
              "parentUUID": "ed190c75-ce51-4fb0-a341-655848489020",
              "isHook": false,
              "skipped": false
            },
            {
              "title": "should display buttons My Profile, Calls, and Home",
              "fullTitle": "View Agent Home should display buttons My Profile, Calls, and Home",
              "timedOut": null,
              "duration": 1528,
              "state": "passed",
              "speed": "fast",
              "pass": true,
              "fail": false,
              "pending": false,
              "context": null,
              "code": "// Asegúrate de que los elementos existan en el DOM\ncy.get(\"a.nav-link\").contains(\"My Profile\").should(\"exist\");\ncy.get(\"a.nav-link\").contains(\"Call\").should(\"exist\");\ncy.get(\"a.nav-link\").contains(\"Home\").should(\"exist\");\n// Asegúrate de que los elementos sean visibles\ncy.get(\"a.nav-link\").contains(\"My Profile\").should(\"be.visible\");\ncy.get(\"a.nav-link\").contains(\"Call\").should(\"be.visible\");\ncy.get(\"a.nav-link\").contains(\"Home\").should(\"be.visible\");",
              "err": {},
              "uuid": "465b5047-416d-4d06-97b3-3c2c649a7351",
              "parentUUID": "ed190c75-ce51-4fb0-a341-655848489020",
              "isHook": false,
              "skipped": false
            },
            {
              "title": "should display Text ATTENDED CASES ",
              "fullTitle": "View Agent Home should display Text ATTENDED CASES ",
              "timedOut": null,
              "duration": 1680,
              "state": "passed",
              "speed": "fast",
              "pass": true,
              "fail": false,
              "pending": false,
              "context": null,
              "code": "cy.contains(\"h1\", \"ATTENDED CASES\").should(\"be.visible\");",
              "err": {},
              "uuid": "3c877131-be69-4d74-8b8e-033088962976",
              "parentUUID": "ed190c75-ce51-4fb0-a341-655848489020",
              "isHook": false,
              "skipped": false
            },
            {
              "title": "should display the container for call metrics and its rows",
              "fullTitle": "View Agent Home should display the container for call metrics and its rows",
              "timedOut": null,
              "duration": 1729,
              "state": "passed",
              "speed": "fast",
              "pass": true,
              "fail": false,
              "pending": false,
              "context": null,
              "code": "cy.get(\"div.contenedorCasosAtenndidoHomeAgente\").should(\"be.visible\");",
              "err": {},
              "uuid": "2a581734-a8c5-4b55-900d-c7115588b85d",
              "parentUUID": "ed190c75-ce51-4fb0-a341-655848489020",
              "isHook": false,
              "skipped": false
            },
            {
              "title": "should display Text Beneficiary, Adjuster, Ambulance and Crane",
              "fullTitle": "View Agent Home should display Text Beneficiary, Adjuster, Ambulance and Crane",
              "timedOut": null,
              "duration": 2423,
              "state": "passed",
              "speed": "fast",
              "pass": true,
              "fail": false,
              "pending": false,
              "context": null,
              "code": "cy.contains(\"th\", \"Crane\").should(\"be.visible\");\ncy.contains(\"th\", \"Beneficiary\").should(\"be.visible\");\ncy.contains(\"th\", \"Adjuster\").should(\"be.visible\");\ncy.contains(\"th\", \"Ambulance\").should(\"be.visible\");",
              "err": {},
              "uuid": "23ef45b6-dcde-44f5-a511-76578538471c",
              "parentUUID": "ed190c75-ce51-4fb0-a341-655848489020",
              "isHook": false,
              "skipped": false
            }
          ],
          "suites": [
            {
              "uuid": "3dc22787-e342-4be3-ae3f-371373cfa4c0",
              "title": "Verify icons in table rows",
              "fullFile": "",
              "file": "",
              "beforeHooks": [],
              "afterHooks": [],
              "tests": [
                {
                  "title": "should display the correct icons in the table row",
                  "fullTitle": "View Agent Home Verify icons in table rows should display the correct icons in the table row",
                  "timedOut": null,
                  "duration": 1901,
                  "state": "passed",
                  "speed": "fast",
                  "pass": true,
                  "fail": false,
                  "pending": false,
                  "context": null,
                  "code": "// Verifica que la tabla exista en el DOM y sea visible\ncy.get(\"tbody.table-light\").should(\"exist\").and(\"be.visible\");\n// Verifica que el ícono de usuario esté presente y visible en cualquier lugar dentro del tbody\ncy.get(\"tbody.table-light i.bx.bxs-user.userHomeAgente.bx-cssSize\").should(\"exist\").and(\"be.visible\");\n// Verifica que el ícono de ambulancia esté presente y visible en cualquier lugar dentro del tbody\ncy.get(\"tbody.table-light i.bx.bxs-ambulance.userHomeAgente.bx-cssSize\").should(\"exist\").and(\"be.visible\");\n// Verifica que el ícono de usuario (repetido) esté presente y visible en cualquier lugar dentro del tbody\ncy.get(\"tbody.table-light i.bx.bxs-user.userHomeAgente.bx-cssSize\").should(\"exist\").and(\"be.visible\");",
                  "err": {},
                  "uuid": "2141a0e4-c7ff-417e-a358-c4b114c0f2fd",
                  "parentUUID": "3dc22787-e342-4be3-ae3f-371373cfa4c0",
                  "isHook": false,
                  "skipped": false
                }
              ],
              "suites": [],
              "passes": [
                "2141a0e4-c7ff-417e-a358-c4b114c0f2fd"
              ],
              "failures": [],
              "pending": [],
              "skipped": [],
              "duration": 1901,
              "root": false,
              "rootEmpty": false,
              "_timeout": 2000
            },
            {
              "uuid": "0145fd15-bd27-447d-a6cc-f5214a65cd51",
              "title": "Verify icons and buttons are present and visible for Connect",
              "fullFile": "",
              "file": "",
              "beforeHooks": [],
              "afterHooks": [],
              "tests": [
                {
                  "title": "should display the telephone icon",
                  "fullTitle": "View Agent Home Verify icons and buttons are present and visible for Connect should display the telephone icon",
                  "timedOut": null,
                  "duration": 1428,
                  "state": "passed",
                  "speed": "fast",
                  "pass": true,
                  "fail": false,
                  "pending": false,
                  "context": null,
                  "code": "cy.get('i.bi-telephone-fill').should(\"exist\").and(\"be.visible\");",
                  "err": {},
                  "uuid": "5a5584de-bef0-4d5c-8f2e-828d993f97ae",
                  "parentUUID": "0145fd15-bd27-447d-a6cc-f5214a65cd51",
                  "isHook": false,
                  "skipped": false
                },
                {
                  "title": "should display the chatbot icon",
                  "fullTitle": "View Agent Home Verify icons and buttons are present and visible for Connect should display the chatbot icon",
                  "timedOut": null,
                  "duration": 1353,
                  "state": "passed",
                  "speed": "fast",
                  "pass": true,
                  "fail": false,
                  "pending": false,
                  "context": null,
                  "code": "cy.get('i.chatbot-icon').should(\"exist\").and(\"be.visible\");",
                  "err": {},
                  "uuid": "eea7e545-d557-4bd9-b8e7-4b3c00d357a0",
                  "parentUUID": "0145fd15-bd27-447d-a6cc-f5214a65cd51",
                  "isHook": false,
                  "skipped": false
                },
                {
                  "title": "should display icons within buttons of type button",
                  "fullTitle": "View Agent Home Verify icons and buttons are present and visible for Connect should display icons within buttons of type button",
                  "timedOut": null,
                  "duration": 1359,
                  "state": "passed",
                  "speed": "fast",
                  "pass": true,
                  "fail": false,
                  "pending": false,
                  "context": null,
                  "code": "cy.get('button[type=\"button\"] i').should(\"exist\").and(\"be.visible\");",
                  "err": {},
                  "uuid": "239af4cf-56cb-49cd-b31a-931f4d9b5d55",
                  "parentUUID": "0145fd15-bd27-447d-a6cc-f5214a65cd51",
                  "isHook": false,
                  "skipped": false
                },
                {
                  "title": "should display icons within divs with data-bs-toggle attribute",
                  "fullTitle": "View Agent Home Verify icons and buttons are present and visible for Connect should display icons within divs with data-bs-toggle attribute",
                  "timedOut": null,
                  "duration": 1384,
                  "state": "passed",
                  "speed": "fast",
                  "pass": true,
                  "fail": false,
                  "pending": false,
                  "context": null,
                  "code": "cy.get('div[data-bs-toggle=\"modal\"] i').should(\"exist\").and(\"be.visible\");",
                  "err": {},
                  "uuid": "71bf2435-97af-4ff1-8367-c80e5534db59",
                  "parentUUID": "0145fd15-bd27-447d-a6cc-f5214a65cd51",
                  "isHook": false,
                  "skipped": false
                },
                {
                  "title": "should display icons within divs targeting modalConnectCpp",
                  "fullTitle": "View Agent Home Verify icons and buttons are present and visible for Connect should display icons within divs targeting modalConnectCpp",
                  "timedOut": null,
                  "duration": 1350,
                  "state": "passed",
                  "speed": "fast",
                  "pass": true,
                  "fail": false,
                  "pending": false,
                  "context": null,
                  "code": "cy.get('div[data-bs-target=\"#modalConnectCpp\"] i').should(\"exist\").and(\"be.visible\");",
                  "err": {},
                  "uuid": "08db46ab-4b70-4771-953d-84478c9f5128",
                  "parentUUID": "0145fd15-bd27-447d-a6cc-f5214a65cd51",
                  "isHook": false,
                  "skipped": false
                },
                {
                  "title": "should display icons within chatbot button",
                  "fullTitle": "View Agent Home Verify icons and buttons are present and visible for Connect should display icons within chatbot button",
                  "timedOut": null,
                  "duration": 1605,
                  "state": "passed",
                  "speed": "fast",
                  "pass": true,
                  "fail": false,
                  "pending": false,
                  "context": null,
                  "code": "cy.get('button.chatbot-button i').should(\"exist\").and(\"be.visible\");",
                  "err": {},
                  "uuid": "19df15bf-67b0-4a76-aeaa-30539a63ede5",
                  "parentUUID": "0145fd15-bd27-447d-a6cc-f5214a65cd51",
                  "isHook": false,
                  "skipped": false
                },
                {
                  "title": "should display icons within chatbot button container",
                  "fullTitle": "View Agent Home Verify icons and buttons are present and visible for Connect should display icons within chatbot button container",
                  "timedOut": null,
                  "duration": 1374,
                  "state": "passed",
                  "speed": "fast",
                  "pass": true,
                  "fail": false,
                  "pending": false,
                  "context": null,
                  "code": "cy.get('div.chatbot-button-container i').should(\"exist\").and(\"be.visible\");",
                  "err": {},
                  "uuid": "ad30a796-df8b-4e69-ba09-60455b6fd945",
                  "parentUUID": "0145fd15-bd27-447d-a6cc-f5214a65cd51",
                  "isHook": false,
                  "skipped": false
                }
              ],
              "suites": [],
              "passes": [
                "5a5584de-bef0-4d5c-8f2e-828d993f97ae",
                "eea7e545-d557-4bd9-b8e7-4b3c00d357a0",
                "239af4cf-56cb-49cd-b31a-931f4d9b5d55",
                "71bf2435-97af-4ff1-8367-c80e5534db59",
                "08db46ab-4b70-4771-953d-84478c9f5128",
                "19df15bf-67b0-4a76-aeaa-30539a63ede5",
                "ad30a796-df8b-4e69-ba09-60455b6fd945"
              ],
              "failures": [],
              "pending": [],
              "skipped": [],
              "duration": 9853,
              "root": false,
              "rootEmpty": false,
              "_timeout": 2000
            }
          ],
          "passes": [
            "36466e6f-16b5-4a28-af8a-60cad056b7e8",
            "465b5047-416d-4d06-97b3-3c2c649a7351",
            "3c877131-be69-4d74-8b8e-033088962976",
            "2a581734-a8c5-4b55-900d-c7115588b85d",
            "23ef45b6-dcde-44f5-a511-76578538471c"
          ],
          "failures": [],
          "pending": [],
          "skipped": [],
          "duration": 9408,
          "root": false,
          "rootEmpty": false,
          "_timeout": 2000
        }
      ],
      "passes": [],
      "failures": [],
      "pending": [],
      "skipped": [],
      "duration": 0,
      "root": true,
      "rootEmpty": true,
      "_timeout": 2000
    }
  ],
  "meta": {
    "mocha": {
      "version": "7.0.1"
    },
    "mochawesome": {
      "options": {
        "quiet": false,
        "reportFilename": "mochawesome",
        "saveHtml": false,
        "saveJson": true,
        "consoleReporter": "spec",
        "useInlineDiffs": false,
        "code": true
      },
      "version": "7.1.3"
    },
    "marge": {
      "options": {
        "reportDir": "cypress\\reports\\.jsons",
        "overwrite": false,
        "html": false,
        "json": true,
        "charts": true
      },
      "version": "6.2.0"
    }
  }
}